{"meta": {"format": 3, "version": "7.12.0", "timestamp": "2026-04-10T06:54:39.300008", "branch_coverage": false, "show_contexts": false}, "files": {"data_utils\\__init__.py": {"executed_lines": [1, 7, 18], "summary": {"covered_lines": 2, "num_statements": 2, "percent_covered": 100.0, "percent_covered_display": "100", "missing_lines": 0, "excluded_lines": 0, "percent_statements_covered": 100.0, "percent_statements_covered_display": "100"}, "missing_lines": [], "excluded_lines": [], "functions": {"": {"executed_lines": [1, 7, 18], "summary": {"covered_lines": 2, "num_statements": 2, "percent_covered": 100.0, "percent_covered_display": "100", "missing_lines": 0, "excluded_lines": 0, "percent_statements_covered": 100.0, "percent_statements_covered_display": "100"}, "missing_lines": [], "excluded_lines": []}}, "classes": {"": {"executed_lines": [1, 7, 18], "summary": {"covered_lines": 2, "num_statements": 2, "percent_covered": 100.0, "percent_covered_display": "100", "missing_lines": 0, "excluded_lines": 0, "percent_statements_covered": 100.0, "percent_statements_covered_display": "100"}, "missing_lines": [], "excluded_lines": []}}}, "data_utils\\compiler_feedback.py": {"executed_lines": [1, 6, 7, 10, 11, 12, 13, 14, 17, 18, 20, 30, 32, 38, 39, 40, 41, 44, 45, 49, 53, 54, 63, 70, 74, 75, 84, 85, 86, 87, 88, 92], "summary": {"covered_lines": 29, "num_statements": 29, "percent_covered": 100.0, "percent_covered_display": "100", "missing_lines": 0, "excluded_lines": 0, "percent_statements_covered": 100.0, "percent_statements_covered_display": "100"}, "missing_lines": [], "excluded_lines": [], "functions": {"STValidator.validate_syntax": {"executed_lines": [40, 41, 44, 45, 49, 53, 54, 63, 70, 74, 75, 84, 85, 86, 87, 88, 92], "summary": {"covered_lines": 17, "num_statements": 17, "percent_covered": 100.0, "percent_covered_display": "100", "missing_lines": 0, "excluded_lines": 0, "percent_statements_covered": 100.0, "percent_statements_covered_display": "100"}, "missing_lines": [], "excluded_lines": []}, "": {"executed_lines": [1, 6, 7, 10, 11, 12, 13, 14, 17, 18, 20, 30, 32, 38, 39], "summary": {"covered_lines": 12, "num_statements": 12, "percent_covered": 100.0, "percent_covered_display": "100", "missing_lines": 0, "excluded_lines": 0, "percent_statements_covered": 100.0, "percent_statements_covered_display": "100"}, "missing_lines": [], "excluded_lines": []}}, "classes": {"ValidationResult": {"executed_lines": [], "summary": {"covered_lines": 0, "num_statements": 0, "percent_covered": 100.0, "percent_covered_display": "100", "missing_lines": 0, "excluded_lines": 0, "percent_statements_covered": 100.0, "percent_statements_covered_display": "100"}, "missing_lines": [], "excluded_lines": []}, "STValidator": {"executed_lines": [40, 41, 44, 45, 49, 53, 54, 63, 70, 74, 75, 84, 85, 86, 87, 88, 92], "summary": {"covered_lines": 17, "num_statements": 17, "percent_covered": 100.0, "percent_covered_display": "100", "missing_lines": 0, "excluded_lines": 0, "percent_statements_covered": 100.0, "percent_statements_covered_display": "100"}, "missing_lines": [], "excluded_lines": []}, "": {"executed_lines": [1, 6, 7, 10, 11, 12, 13, 14, 17, 18, 20, 30, 32, 38, 39], "summary": {"covered_lines": 12, "num_statements": 12, "percent_covered": 100.0, "percent_covered_display": "100", "missing_lines": 0, "excluded_lines": 0, "percent_statements_covered": 100.0, "percent_statements_covered_display": "100"}, "missing_lines": [], "excluded_lines": []}}}, "data_utils\\data_formats.py": {"executed_lines": [1, 5, 8, 11, 12, 13, 14, 15, 18, 19, 26, 27, 35, 37, 38, 39, 40, 41, 44, 46, 47, 55, 56, 57, 58, 59, 61, 64, 66, 67, 69, 70, 75, 77, 78, 80, 81, 82, 83, 84, 86, 87, 88, 89, 91, 94, 96], "summary": {"covered_lines": 45, "num_statements": 45, "percent_covered": 100.0, "percent_covered_display": "100", "missing_lines": 0, "excluded_lines": 0, "percent_statements_covered": 100.0, "percent_statements_covered_display": "100"}, "missing_lines": [], "excluded_lines": [], "functions": {"to_alpaca_format": {"executed_lines": [19], "summary": {"covered_lines": 1, "num_statements": 1, "percent_covered": 100.0, "percent_covered_display": "100", "missing_lines": 0, "excluded_lines": 0, "percent_statements_covered": 100.0, "percent_statements_covered_display": "100"}, "missing_lines": [], "excluded_lines": []}, "to_sharegpt_format": {"executed_lines": [27], "summary": {"covered_lines": 1, "num_statements": 1, "percent_covered": 100.0, "percent_covered_display": "100", "missing_lines": 0, "excluded_lines": 0, "percent_statements_covered": 100.0, "percent_statements_covered_display": "100"}, "missing_lines": [], "excluded_lines": []}, "alpaca_to_text": {"executed_lines": [37, 38, 39, 40, 41], "summary": {"covered_lines": 5, "num_statements": 5, "percent_covered": 100.0, "percent_covered_display": "100", "missing_lines": 0, "excluded_lines": 0, "percent_statements_covered": 100.0, "percent_statements_covered_display": "100"}, "missing_lines": [], "excluded_lines": []}, "sharegpt_to_text": {"executed_lines": [46, 47, 55, 56, 57, 58, 59, 61], "summary": {"covered_lines": 8, "num_statements": 8, "percent_covered": 100.0, "percent_covered_display": "100", "missing_lines": 0, "excluded_lines": 0, "percent_statements_covered": 100.0, "percent_statements_covered_display": "100"}, "missing_lines": [], "excluded_lines": []}, "record_to_text": {"executed_lines": [66, 67, 69, 70, 75, 77, 78, 80, 81, 82, 83, 84, 86, 87, 88, 89, 91], "summary": {"covered_lines": 17, "num_statements": 17, "percent_covered": 100.0, "percent_covered_display": "100", "missing_lines": 0, "excluded_lines": 0, "percent_statements_covered": 100.0, "percent_statements_covered_display": "100"}, "missing_lines": [], "excluded_lines": []}, "normalize_records_to_text": {"executed_lines": [96], "summary": {"covered_lines": 1, "num_statements": 1, "percent_covered": 100.0, "percent_covered_display": "100", "missing_lines": 0, "excluded_lines": 0, "percent_statements_covered": 100.0, "percent_statements_covered_display": "100"}, "missing_lines": [], "excluded_lines": []}, "": {"executed_lines": [1, 5, 8, 11, 12, 13, 14, 15, 18, 26, 35, 44, 64, 94], "summary": {"covered_lines": 12, "num_statements": 12, "percent_covered": 100.0, "percent_covered_display": "100", "missing_lines": 0, "excluded_lines": 0, "percent_statements_covered": 100.0, "percent_statements_covered_display": "100"}, "missing_lines": [], "excluded_lines": []}}, "classes": {"AlpacaExample": {"executed_lines": [], "summary": {"covered_lines": 0, "num_statements": 0, "percent_covered": 100.0, "percent_covered_display": "100", "missing_lines": 0, "excluded_lines": 0, "percent_statements_covered": 100.0, "percent_statements_covered_display": "100"}, "missing_lines": [], "excluded_lines": []}, "": {"executed_lines": [1, 5, 8, 11, 12, 13, 14, 15, 18, 19, 26, 27, 35, 37, 38, 39, 40, 41, 44, 46, 47, 55, 56, 57, 58, 59, 61, 64, 66, 67, 69, 70, 75, 77, 78, 80, 81, 82, 83, 84, 86, 87, 88, 89, 91, 94, 96], "summary": {"covered_lines": 45, "num_statements": 45, "percent_covered": 100.0, "percent_covered_display": "100", "missing_lines": 0, "excluded_lines": 0, "percent_statements_covered": 100.0, "percent_statements_covered_display": "100"}, "missing_lines": [], "excluded_lines": []}}}, "data_utils\\legal_data.py": {"executed_lines": [1, 2, 4, 5, 6, 7, 8, 9, 10, 12, 15, 16, 17, 22, 23, 24, 25, 28, 29, 30, 31, 33, 44, 46, 47, 48, 49, 53, 54, 55, 56, 57, 58, 60, 61, 62, 64, 65, 74, 76, 82, 110, 111, 112, 113, 114, 115, 116, 119, 120, 121, 123, 127, 128, 129, 130, 131, 134, 135, 136, 137, 142, 144, 145, 146, 147, 158, 163], "summary": {"covered_lines": 67, "num_statements": 88, "percent_covered": 76.13636363636364, "percent_covered_display": "76", "missing_lines": 21, "excluded_lines": 0, "percent_statements_covered": 76.13636363636364, "percent_statements_covered_display": "76"}, "missing_lines": [34, 35, 36, 40, 41, 42, 59, 84, 85, 86, 87, 101, 102, 103, 104, 105, 106, 107, 108, 160, 164], "excluded_lines": [], "functions": {"LegalDataLoader.__init__": {"executed_lines": [30, 31], "summary": {"covered_lines": 2, "num_statements": 2, "percent_covered": 100.0, "percent_covered_display": "100", "missing_lines": 0, "excluded_lines": 0, "percent_statements_covered": 100.0, "percent_statements_covered_display": "100"}, "missing_lines": [], "excluded_lines": []}, "LegalDataLoader._fetch_json": {"executed_lines": [], "summary": {"covered_lines": 0, "num_statements": 6, "percent_covered": 0.0, "percent_covered_display": "0", "missing_lines": 6, "excluded_lines": 0, "percent_statements_covered": 0.0, "percent_statements_covered_display": "0"}, "missing_lines": [34, 35, 36, 40, 41, 42], "excluded_lines": []}, "LegalDataLoader.download_openlegaldata": {"executed_lines": [46, 47, 48, 49, 53, 54, 55, 56, 57, 58, 60, 61, 62], "summary": {"covered_lines": 13, "num_statements": 14, "percent_covered": 92.85714285714286, "percent_covered_display": "93", "missing_lines": 1, "excluded_lines": 0, "percent_statements_covered": 92.85714285714286, "percent_statements_covered_display": "93"}, "missing_lines": [59], "excluded_lines": []}, "LegalDataLoader._format_case": {"executed_lines": [65], "summary": {"covered_lines": 1, "num_statements": 1, "percent_covered": 100.0, "percent_covered_display": "100", "missing_lines": 0, "excluded_lines": 0, "percent_statements_covered": 100.0, "percent_statements_covered_display": "100"}, "missing_lines": [], "excluded_lines": []}, "LegalDataLoader._format_qa_pair": {"executed_lines": [76], "summary": {"covered_lines": 1, "num_statements": 1, "percent_covered": 100.0, "percent_covered_display": "100", "missing_lines": 0, "excluded_lines": 0, "percent_statements_covered": 100.0, "percent_statements_covered_display": "100"}, "missing_lines": [], "excluded_lines": []}, "LegalDataLoader.generate_dsgvo_qa": {"executed_lines": [], "summary": {"covered_lines": 0, "num_statements": 12, "percent_covered": 0.0, "percent_covered_display": "0", "missing_lines": 12, "excluded_lines": 0, "percent_statements_covered": 0.0, "percent_statements_covered_display": "0"}, "missing_lines": [84, 85, 86, 87, 101, 102, 103, 104, 105, 106, 107, 108], "excluded_lines": []}, "LegalDataLoader.save": {"executed_lines": [111, 112, 113, 114, 115, 116], "summary": {"covered_lines": 6, "num_statements": 6, "percent_covered": 100.0, "percent_covered_display": "100", "missing_lines": 0, "excluded_lines": 0, "percent_statements_covered": 100.0, "percent_statements_covered_display": "100"}, "missing_lines": [], "excluded_lines": []}, "parse_args": {"executed_lines": [120, 121, 123, 127, 128, 129, 130, 131], "summary": {"covered_lines": 8, "num_statements": 8, "percent_covered": 100.0, "percent_covered_display": "100", "missing_lines": 0, "excluded_lines": 0, "percent_statements_covered": 100.0, "percent_statements_covered_display": "100"}, "missing_lines": [], "excluded_lines": []}, "main": {"executed_lines": [135, 136, 137, 142, 144, 145, 146, 147, 158], "summary": {"covered_lines": 9, "num_statements": 10, "percent_covered": 90.0, "percent_covered_display": "90", "missing_lines": 1, "excluded_lines": 0, "percent_statements_covered": 90.0, "percent_statements_covered_display": "90"}, "missing_lines": [160], "excluded_lines": []}, "": {"executed_lines": [1, 2, 4, 5, 6, 7, 8, 9, 10, 12, 15, 16, 17, 22, 23, 24, 25, 28, 29, 33, 44, 64, 74, 82, 110, 119, 134, 163], "summary": {"covered_lines": 27, "num_statements": 28, "percent_covered": 96.42857142857143, "percent_covered_display": "96", "missing_lines": 1, "excluded_lines": 0, "percent_statements_covered": 96.42857142857143, "percent_statements_covered_display": "96"}, "missing_lines": [164], "excluded_lines": []}}, "classes": {"LegalDataConfig": {"executed_lines": [], "summary": {"covered_lines": 0, "num_statements": 0, "percent_covered": 100.0, "percent_covered_display": "100", "missing_lines": 0, "excluded_lines": 0, "percent_statements_covered": 100.0, "percent_statements_covered_display": "100"}, "missing_lines": [], "excluded_lines": []}, "LegalDataLoader": {"executed_lines": [30, 31, 46, 47, 48, 49, 53, 54, 55, 56, 57, 58, 60, 61, 62, 65, 76, 111, 112, 113, 114, 115, 116], "summary": {"covered_lines": 23, "num_statements": 42, "percent_covered": 54.76190476190476, "percent_covered_display": "55", "missing_lines": 19, "excluded_lines": 0, "percent_statements_covered": 54.76190476190476, "percent_statements_covered_display": "55"}, "missing_lines": [34, 35, 36, 40, 41, 42, 59, 84, 85, 86, 87, 101, 102, 103, 104, 105, 106, 107, 108], "excluded_lines": []}, "": {"executed_lines": [1, 2, 4, 5, 6, 7, 8, 9, 10, 12, 15, 16, 17, 22, 23, 24, 25, 28, 29, 33, 44, 64, 74, 82, 110, 119, 120, 121, 123, 127, 128, 129, 130, 131, 134, 135, 136, 137, 142, 144, 145, 146, 147, 158, 163], "summary": {"covered_lines": 44, "num_statements": 46, "percent_covered": 95.65217391304348, "percent_covered_display": "96", "missing_lines": 2, "excluded_lines": 0, "percent_statements_covered": 95.65217391304348, "percent_statements_covered_display": "96"}, "missing_lines": [160, 164], "excluded_lines": []}}}, "data_utils\\synthetic_generator.py": {"executed_lines": [1, 13, 14, 15, 16, 18, 20, 22, 39, 41, 48, 49, 50, 51, 52, 53, 59, 60, 67, 68, 69, 70, 71, 72, 74, 75, 77, 81, 82, 83, 88, 90, 91, 107, 111, 112, 118, 120, 141], "summary": {"covered_lines": 33, "num_statements": 52, "percent_covered": 63.46153846153846, "percent_covered_display": "63", "missing_lines": 19, "excluded_lines": 0, "percent_statements_covered": 63.46153846153846, "percent_statements_covered_display": "63"}, "missing_lines": [115, 116, 122, 123, 124, 126, 127, 128, 129, 132, 135, 137, 138, 139, 143, 144, 145, 146, 147], "excluded_lines": [], "functions": {"GenerationTask.build_prompt": {"executed_lines": [60], "summary": {"covered_lines": 1, "num_statements": 1, "percent_covered": 100.0, "percent_covered_display": "100", "missing_lines": 0, "excluded_lines": 0, "percent_statements_covered": 100.0, "percent_statements_covered_display": "100"}, "missing_lines": [], "excluded_lines": []}, "SyntheticGenerator.__post_init__": {"executed_lines": [75], "summary": {"covered_lines": 1, "num_statements": 1, "percent_covered": 100.0, "percent_covered_display": "100", "missing_lines": 0, "excluded_lines": 0, "percent_statements_covered": 100.0, "percent_statements_covered_display": "100"}, "missing_lines": [], "excluded_lines": []}, "SyntheticGenerator.generate_batch": {"executed_lines": [81, 82, 83, 88, 90, 91, 107, 111, 112, 118], "summary": {"covered_lines": 10, "num_statements": 12, "percent_covered": 83.33333333333333, "percent_covered_display": "83", "missing_lines": 2, "excluded_lines": 0, "percent_statements_covered": 83.33333333333333, "percent_statements_covered_display": "83"}, "missing_lines": [115, 116], "excluded_lines": []}, "SyntheticGenerator.generate_all": {"executed_lines": [], "summary": {"covered_lines": 0, "num_statements": 12, "percent_covered": 0.0, "percent_covered_display": "0", "missing_lines": 12, "excluded_lines": 0, "percent_statements_covered": 0.0, "percent_statements_covered_display": "0"}, "missing_lines": [122, 123, 124, 126, 127, 128, 129, 132, 135, 137, 138, 139], "excluded_lines": []}, "SyntheticGenerator._save": {"executed_lines": [], "summary": {"covered_lines": 0, "num_statements": 5, "percent_covered": 0.0, "percent_covered_display": "0", "missing_lines": 5, "excluded_lines": 0, "percent_statements_covered": 0.0, "percent_statements_covered_display": "0"}, "missing_lines": [143, 144, 145, 146, 147], "excluded_lines": []}, "": {"executed_lines": [1, 13, 14, 15, 16, 18, 20, 22, 39, 41, 48, 49, 50, 51, 52, 53, 59, 67, 68, 69, 70, 71, 72, 74, 77, 120, 141], "summary": {"covered_lines": 21, "num_statements": 21, "percent_covered": 100.0, "percent_covered_display": "100", "missing_lines": 0, "excluded_lines": 0, "percent_statements_covered": 100.0, "percent_statements_covered_display": "100"}, "missing_lines": [], "excluded_lines": []}}, "classes": {"GenerationTask": {"executed_lines": [60], "summary": {"covered_lines": 1, "num_statements": 1, "percent_covered": 100.0, "percent_covered_display": "100", "missing_lines": 0, "excluded_lines": 0, "percent_statements_covered": 100.0, "percent_statements_covered_display": "100"}, "missing_lines": [], "excluded_lines": []}, "SyntheticGenerator": {"executed_lines": [75, 81, 82, 83, 88, 90, 91, 107, 111, 112, 118], "summary": {"covered_lines": 11, "num_statements": 30, "percent_covered": 36.666666666666664, "percent_covered_display": "37", "missing_lines": 19, "excluded_lines": 0, "percent_statements_covered": 36.666666666666664, "percent_statements_covered_display": "37"}, "missing_lines": [115, 116, 122, 123, 124, 126, 127, 128, 129, 132, 135, 137, 138, 139, 143, 144, 145, 146, 147], "excluded_lines": []}, "": {"executed_lines": [1, 13, 14, 15, 16, 18, 20, 22, 39, 41, 48, 49, 50, 51, 52, 53, 59, 67, 68, 69, 70, 71, 72, 74, 77, 120, 141], "summary": {"covered_lines": 21, "num_statements": 21, "percent_covered": 100.0, "percent_covered_display": "100", "missing_lines": 0, "excluded_lines": 0, "percent_statements_covered": 100.0, "percent_statements_covered_display": "100"}, "missing_lines": [], "excluded_lines": []}}}, "finetune\\__init__.py": {"executed_lines": [0], "summary": {"covered_lines": 0, "num_statements": 0, "percent_covered": 100.0, "percent_covered_display": "100", "missing_lines": 0, "excluded_lines": 0, "percent_statements_covered": 100.0, "percent_statements_covered_display": "100"}, "missing_lines": [], "excluded_lines": [], "functions": {"": {"executed_lines": [], "summary": {"covered_lines": 0, "num_statements": 0, "percent_covered": 100.0, "percent_covered_display": "100", "missing_lines": 0, "excluded_lines": 0, "percent_statements_covered": 100.0, "percent_statements_covered_display": "100"}, "missing_lines": [], "excluded_lines": []}}, "classes": {"": {"executed_lines": [], "summary": {"covered_lines": 0, "num_statements": 0, "percent_covered": 100.0, "percent_covered_display": "100", "missing_lines": 0, "excluded_lines": 0, "percent_statements_covered": 100.0, "percent_statements_covered_display": "100"}, "missing_lines": [], "excluded_lines": []}}}, "finetune\\model_publisher.py": {"executed_lines": [1, 6, 8, 9, 10, 11, 12, 13, 14, 15, 16, 17, 18, 19, 21, 23, 24, 25, 26, 32, 33, 34, 35, 41, 42, 44, 49, 56, 57, 58, 59, 62, 63, 64, 65, 68, 69, 72, 73, 76, 77, 80, 81, 84, 93, 94, 95, 96, 97, 98, 99, 100, 101, 102, 103, 104, 105, 106, 107, 108, 109, 111, 112, 115, 116, 117, 118, 119, 120, 121, 122, 123, 124, 125, 126, 128, 129, 131, 132, 142, 144, 145, 150, 151, 152, 155, 156, 157, 158, 159, 161, 162, 165, 166, 167, 168, 169, 170, 171, 172, 173, 174, 175, 177, 178, 181, 182, 183, 185, 186, 187, 188, 189, 190, 191, 192, 194, 195, 198, 199, 200, 201, 202, 203, 204, 205, 206, 207, 208, 209, 210, 211, 215, 218, 221, 222, 224, 225, 229, 230, 231, 232, 239, 311, 312, 313, 316, 317, 318, 321, 327, 328, 329, 330, 331, 332, 337, 338, 341, 353, 354, 356, 357, 358, 359, 360, 361, 362, 364, 365, 366, 367, 368, 369, 370, 372, 382, 383, 389, 391, 394, 395, 397, 400, 444, 445, 447, 448, 477, 478, 479, 480, 481, 482, 483, 484, 485, 486, 487, 488, 489, 490, 491, 492, 493, 494, 495, 496, 497, 498, 499, 500, 501, 502, 503, 504, 505, 506, 507, 508, 509, 510, 511, 512, 513, 514, 515, 516, 517, 518, 521, 522, 523, 524, 538, 548, 549, 550, 566, 583, 595, 606, 617, 626, 629, 630, 631, 633, 634, 636, 637, 638, 640, 641, 642, 643, 644, 645, 646, 648, 651, 652, 653, 654, 671, 672, 677, 678, 690, 708], "summary": {"covered_lines": 267, "num_statements": 310, "percent_covered": 86.12903225806451, "percent_covered_display": "86", "missing_lines": 43, "excluded_lines": 0, "percent_statements_covered": 86.12903225806451, "percent_statements_covered_display": "86"}, "missing_lines": [85, 86, 87, 88, 89, 90, 143, 398, 413, 414, 417, 418, 421, 434, 435, 436, 441, 454, 455, 456, 462, 468, 471, 472, 473, 474, 526, 527, 528, 530, 532, 533, 534, 535, 655, 661, 662, 663, 669, 692, 693, 705, 709], "excluded_lines": [], "functions": {"_slugify": {"executed_lines": [57, 58, 59], "summary": {"covered_lines": 3, "num_statements": 3, "percent_covered": 100.0, "percent_covered_display": "100", "missing_lines": 0, "excluded_lines": 0, "percent_statements_covered": 100.0, "percent_statements_covered_display": "100"}, "missing_lines": [], "excluded_lines": []}, "_render_metric": {"executed_lines": [63, 64, 65], "summary": {"covered_lines": 3, "num_statements": 3, "percent_covered": 100.0, "percent_covered_display": "100", "missing_lines": 0, "excluded_lines": 0, "percent_statements_covered": 100.0, "percent_statements_covered_display": "100"}, "missing_lines": [], "excluded_lines": []}, "_write_json": {"executed_lines": [69], "summary": {"covered_lines": 1, "num_statements": 1, "percent_covered": 100.0, "percent_covered_display": "100", "missing_lines": 0, "excluded_lines": 0, "percent_statements_covered": 100.0, "percent_statements_covered_display": "100"}, "missing_lines": [], "excluded_lines": []}, "_current_timestamp": {"executed_lines": [73], "summary": {"covered_lines": 1, "num_statements": 1, "percent_covered": 100.0, "percent_covered_display": "100", "missing_lines": 0, "excluded_lines": 0, "percent_statements_covered": 100.0, "percent_statements_covered_display": "100"}, "missing_lines": [], "excluded_lines": []}, "render_public_status": {"executed_lines": [77], "summary": {"covered_lines": 1, "num_statements": 1, "percent_covered": 100.0, "percent_covered_display": "100", "missing_lines": 0, "excluded_lines": 0, "percent_statements_covered": 100.0, "percent_statements_covered_display": "100"}, "missing_lines": [], "excluded_lines": []}, "render_hardware_tier": {"executed_lines": [81], "summary": {"covered_lines": 1, "num_statements": 1, "percent_covered": 100.0, "percent_covered_display": "100", "missing_lines": 0, "excluded_lines": 0, "percent_statements_covered": 100.0, "percent_statements_covered_display": "100"}, "missing_lines": [], "excluded_lines": []}, "infer_hardware_tier": {"executed_lines": [], "summary": {"covered_lines": 0, "num_statements": 6, "percent_covered": 0.0, "percent_covered_display": "0", "missing_lines": 6, "excluded_lines": 0, "percent_statements_covered": 0.0, "percent_statements_covered_display": "0"}, "missing_lines": [85, 86, 87, 88, 89, 90], "excluded_lines": []}, "TrainingManifest.to_dict": {"executed_lines": [112], "summary": {"covered_lines": 1, "num_statements": 1, "percent_covered": 100.0, "percent_covered_display": "100", "missing_lines": 0, "excluded_lines": 0, "percent_statements_covered": 100.0, "percent_statements_covered_display": "100"}, "missing_lines": [], "excluded_lines": []}, "BenchmarkSummary.to_dict": {"executed_lines": [129], "summary": {"covered_lines": 1, "num_statements": 1, "percent_covered": 100.0, "percent_covered_display": "100", "missing_lines": 0, "excluded_lines": 0, "percent_statements_covered": 100.0, "percent_statements_covered_display": "100"}, "missing_lines": [], "excluded_lines": []}, "BenchmarkSummary.to_markdown": {"executed_lines": [132, 142, 144, 145, 150, 151, 152], "summary": {"covered_lines": 7, "num_statements": 8, "percent_covered": 87.5, "percent_covered_display": "88", "missing_lines": 1, "excluded_lines": 0, "percent_statements_covered": 87.5, "percent_statements_covered_display": "88"}, "missing_lines": [143], "excluded_lines": []}, "LicenseManifest.to_dict": {"executed_lines": [162], "summary": {"covered_lines": 1, "num_statements": 1, "percent_covered": 100.0, "percent_covered_display": "100", "missing_lines": 0, "excluded_lines": 0, "percent_statements_covered": 100.0, "percent_statements_covered_display": "100"}, "missing_lines": [], "excluded_lines": []}, "EnvironmentManifest.to_dict": {"executed_lines": [178], "summary": {"covered_lines": 1, "num_statements": 1, "percent_covered": 100.0, "percent_covered_display": "100", "missing_lines": 0, "excluded_lines": 0, "percent_statements_covered": 100.0, "percent_statements_covered_display": "100"}, "missing_lines": [], "excluded_lines": []}, "TesterAttestation.to_dict": {"executed_lines": [195], "summary": {"covered_lines": 1, "num_statements": 1, "percent_covered": 100.0, "percent_covered_display": "100", "missing_lines": 0, "excluded_lines": 0, "percent_statements_covered": 100.0, "percent_statements_covered_display": "100"}, "missing_lines": [], "excluded_lines": []}, "ModelCard.to_markdown": {"executed_lines": [225, 229, 230, 231, 232, 239], "summary": {"covered_lines": 6, "num_statements": 6, "percent_covered": 100.0, "percent_covered_display": "100", "missing_lines": 0, "excluded_lines": 0, "percent_statements_covered": 100.0, "percent_statements_covered_display": "100"}, "missing_lines": [], "excluded_lines": []}, "build_hf_repo_id": {"executed_lines": [312, 313], "summary": {"covered_lines": 2, "num_statements": 2, "percent_covered": 100.0, "percent_covered_display": "100", "missing_lines": 0, "excluded_lines": 0, "percent_statements_covered": 100.0, "percent_statements_covered_display": "100"}, "missing_lines": [], "excluded_lines": []}, "build_ollama_model_name": {"executed_lines": [317, 318], "summary": {"covered_lines": 2, "num_statements": 2, "percent_covered": 100.0, "percent_covered_display": "100", "missing_lines": 0, "excluded_lines": 0, "percent_statements_covered": 100.0, "percent_statements_covered_display": "100"}, "missing_lines": [], "excluded_lines": []}, "write_modelfile": {"executed_lines": [327, 328, 329, 330, 331, 332, 337, 338], "summary": {"covered_lines": 8, "num_statements": 8, "percent_covered": 100.0, "percent_covered_display": "100", "missing_lines": 0, "excluded_lines": 0, "percent_statements_covered": 100.0, "percent_statements_covered_display": "100"}, "missing_lines": [], "excluded_lines": []}, "write_release_bundle": {"executed_lines": [353, 354, 356, 357, 358, 359, 360, 361, 362, 364, 365, 366, 367, 368, 369, 370, 372, 382, 383, 389, 391], "summary": {"covered_lines": 21, "num_statements": 21, "percent_covered": 100.0, "percent_covered_display": "100", "missing_lines": 0, "excluded_lines": 0, "percent_statements_covered": 100.0, "percent_statements_covered_display": "100"}, "missing_lines": [], "excluded_lines": []}, "HFPublisher.__init__": {"executed_lines": [], "summary": {"covered_lines": 0, "num_statements": 1, "percent_covered": 0.0, "percent_covered_display": "0", "missing_lines": 1, "excluded_lines": 0, "percent_statements_covered": 0.0, "percent_statements_covered_display": "0"}, "missing_lines": [398], "excluded_lines": []}, "HFPublisher.publish": {"executed_lines": [], "summary": {"covered_lines": 0, "num_statements": 9, "percent_covered": 0.0, "percent_covered_display": "0", "missing_lines": 9, "excluded_lines": 0, "percent_statements_covered": 0.0, "percent_statements_covered_display": "0"}, "missing_lines": [413, 414, 417, 418, 421, 434, 435, 436, 441], "excluded_lines": []}, "GGUFConverter.convert": {"executed_lines": [], "summary": {"covered_lines": 0, "num_statements": 9, "percent_covered": 0.0, "percent_covered_display": "0", "missing_lines": 9, "excluded_lines": 0, "percent_statements_covered": 0.0, "percent_statements_covered_display": "0"}, "missing_lines": [454, 455, 456, 462, 468, 471, 472, 473, 474], "excluded_lines": []}, "_add_release_args": {"executed_lines": [478, 479, 480, 481, 482, 483, 484, 485, 486, 487, 488, 489, 490, 491, 492, 493, 494, 495, 496, 497, 498, 499, 500, 501, 502, 503, 504, 505, 506, 507, 508, 509, 510, 511, 512, 513, 514, 515, 516, 517, 518], "summary": {"covered_lines": 41, "num_statements": 41, "percent_covered": 100.0, "percent_covered_display": "100", "missing_lines": 0, "excluded_lines": 0, "percent_statements_covered": 100.0, "percent_statements_covered_display": "100"}, "missing_lines": [], "excluded_lines": []}, "_load_metrics": {"executed_lines": [522, 523, 524], "summary": {"covered_lines": 3, "num_statements": 11, "percent_covered": 27.272727272727273, "percent_covered_display": "27", "missing_lines": 8, "excluded_lines": 0, "percent_statements_covered": 27.272727272727273, "percent_statements_covered_display": "27"}, "missing_lines": [526, 527, 528, 530, 532, 533, 534, 535], "excluded_lines": []}, "build_release_objects": {"executed_lines": [548, 549, 550, 566, 583, 595, 606, 617, 626], "summary": {"covered_lines": 9, "num_statements": 9, "percent_covered": 100.0, "percent_covered_display": "100", "missing_lines": 0, "excluded_lines": 0, "percent_statements_covered": 100.0, "percent_statements_covered_display": "100"}, "missing_lines": [], "excluded_lines": []}, "parse_args": {"executed_lines": [630, 631, 633, 634, 636, 637, 638, 640, 641, 642, 643, 644, 645, 646, 648], "summary": {"covered_lines": 15, "num_statements": 15, "percent_covered": 100.0, "percent_covered_display": "100", "missing_lines": 0, "excluded_lines": 0, "percent_statements_covered": 100.0, "percent_statements_covered_display": "100"}, "missing_lines": [], "excluded_lines": []}, "main": {"executed_lines": [652, 653, 654, 671, 672, 677, 678, 690], "summary": {"covered_lines": 8, "num_statements": 16, "percent_covered": 50.0, "percent_covered_display": "50", "missing_lines": 8, "excluded_lines": 0, "percent_statements_covered": 50.0, "percent_statements_covered_display": "50"}, "missing_lines": [655, 661, 662, 663, 669, 692, 693, 705], "excluded_lines": []}, "": {"executed_lines": [1, 6, 8, 9, 10, 11, 12, 13, 14, 15, 16, 17, 18, 19, 21, 23, 24, 25, 26, 32, 33, 34, 35, 41, 42, 44, 49, 56, 62, 68, 72, 76, 80, 84, 93, 94, 95, 96, 97, 98, 99, 100, 101, 102, 103, 104, 105, 106, 107, 108, 109, 111, 115, 116, 117, 118, 119, 120, 121, 122, 123, 124, 125, 126, 128, 131, 155, 156, 157, 158, 159, 161, 165, 166, 167, 168, 169, 170, 171, 172, 173, 174, 175, 177, 181, 182, 183, 185, 186, 187, 188, 189, 190, 191, 192, 194, 198, 199, 200, 201, 202, 203, 204, 205, 206, 207, 208, 209, 210, 211, 215, 218, 221, 222, 224, 311, 316, 321, 341, 394, 395, 397, 400, 444, 445, 447, 448, 477, 521, 538, 629, 651, 708], "summary": {"covered_lines": 130, "num_statements": 131, "percent_covered": 99.23664122137404, "percent_covered_display": "99", "missing_lines": 1, "excluded_lines": 0, "percent_statements_covered": 99.23664122137404, "percent_statements_covered_display": "99"}, "missing_lines": [709], "excluded_lines": []}}, "classes": {"TrainingManifest": {"executed_lines": [112], "summary": {"covered_lines": 1, "num_statements": 1, "percent_covered": 100.0, "percent_covered_display": "100", "missing_lines": 0, "excluded_lines": 0, "percent_statements_covered": 100.0, "percent_statements_covered_display": "100"}, "missing_lines": [], "excluded_lines": []}, "BenchmarkSummary": {"executed_lines": [129, 132, 142, 144, 145, 150, 151, 152], "summary": {"covered_lines": 8, "num_statements": 9, "percent_covered": 88.88888888888889, "percent_covered_display": "89", "missing_lines": 1, "excluded_lines": 0, "percent_statements_covered": 88.88888888888889, "percent_statements_covered_display": "89"}, "missing_lines": [143], "excluded_lines": []}, "LicenseManifest": {"executed_lines": [162], "summary": {"covered_lines": 1, "num_statements": 1, "percent_covered": 100.0, "percent_covered_display": "100", "missing_lines": 0, "excluded_lines": 0, "percent_statements_covered": 100.0, "percent_statements_covered_display": "100"}, "missing_lines": [], "excluded_lines": []}, "EnvironmentManifest": {"executed_lines": [178], "summary": {"covered_lines": 1, "num_statements": 1, "percent_covered": 100.0, "percent_covered_display": "100", "missing_lines": 0, "excluded_lines": 0, "percent_statements_covered": 100.0, "percent_statements_covered_display": "100"}, "missing_lines": [], "excluded_lines": []}, "TesterAttestation": {"executed_lines": [195], "summary": {"covered_lines": 1, "num_statements": 1, "percent_covered": 100.0, "percent_covered_display": "100", "missing_lines": 0, "excluded_lines": 0, "percent_statements_covered": 100.0, "percent_statements_covered_display": "100"}, "missing_lines": [], "excluded_lines": []}, "ModelCard": {"executed_lines": [225, 229, 230, 231, 232, 239], "summary": {"covered_lines": 6, "num_statements": 6, "percent_covered": 100.0, "percent_covered_display": "100", "missing_lines": 0, "excluded_lines": 0, "percent_statements_covered": 100.0, "percent_statements_covered_display": "100"}, "missing_lines": [], "excluded_lines": []}, "HFPublisher": {"executed_lines": [], "summary": {"covered_lines": 0, "num_statements": 10, "percent_covered": 0.0, "percent_covered_display": "0", "missing_lines": 10, "excluded_lines": 0, "percent_statements_covered": 0.0, "percent_statements_covered_display": "0"}, "missing_lines": [398, 413, 414, 417, 418, 421, 434, 435, 436, 441], "excluded_lines": []}, "GGUFConverter": {"executed_lines": [], "summary": {"covered_lines": 0, "num_statements": 9, "percent_covered": 0.0, "percent_covered_display": "0", "missing_lines": 9, "excluded_lines": 0, "percent_statements_covered": 0.0, "percent_statements_covered_display": "0"}, "missing_lines": [454, 455, 456, 462, 468, 471, 472, 473, 474], "excluded_lines": []}, "": {"executed_lines": [1, 6, 8, 9, 10, 11, 12, 13, 14, 15, 16, 17, 18, 19, 21, 23, 24, 25, 26, 32, 33, 34, 35, 41, 42, 44, 49, 56, 57, 58, 59, 62, 63, 64, 65, 68, 69, 72, 73, 76, 77, 80, 81, 84, 93, 94, 95, 96, 97, 98, 99, 100, 101, 102, 103, 104, 105, 106, 107, 108, 109, 111, 115, 116, 117, 118, 119, 120, 121, 122, 123, 124, 125, 126, 128, 131, 155, 156, 157, 158, 159, 161, 165, 166, 167, 168, 169, 170, 171, 172, 173, 174, 175, 177, 181, 182, 183, 185, 186, 187, 188, 189, 190, 191, 192, 194, 198, 199, 200, 201, 202, 203, 204, 205, 206, 207, 208, 209, 210, 211, 215, 218, 221, 222, 224, 311, 312, 313, 316, 317, 318, 321, 327, 328, 329, 330, 331, 332, 337, 338, 341, 353, 354, 356, 357, 358, 359, 360, 361, 362, 364, 365, 366, 367, 368, 369, 370, 372, 382, 383, 389, 391, 394, 395, 397, 400, 444, 445, 447, 448, 477, 478, 479, 480, 481, 482, 483, 484, 485, 486, 487, 488, 489, 490, 491, 492, 493, 494, 495, 496, 497, 498, 499, 500, 501, 502, 503, 504, 505, 506, 507, 508, 509, 510, 511, 512, 513, 514, 515, 516, 517, 518, 521, 522, 523, 524, 538, 548, 549, 550, 566, 583, 595, 606, 617, 626, 629, 630, 631, 633, 634, 636, 637, 638, 640, 641, 642, 643, 644, 645, 646, 648, 651, 652, 653, 654, 671, 672, 677, 678, 690, 708], "summary": {"covered_lines": 249, "num_statements": 272, "percent_covered": 91.54411764705883, "percent_covered_display": "92", "missing_lines": 23, "excluded_lines": 0, "percent_statements_covered": 91.54411764705883, "percent_statements_covered_display": "92"}, "missing_lines": [85, 86, 87, 88, 89, 90, 526, 527, 528, 530, 532, 533, 534, 535, 655, 661, 662, 663, 669, 692, 693, 705, 709], "excluded_lines": []}}}, "finetune\\operability.py": {"executed_lines": [1, 22, 24, 25, 26, 27, 28, 29, 30, 31, 33, 40, 41, 42, 43, 44, 45, 46, 48, 49, 50, 52, 53, 54, 56, 57, 58, 60, 61, 63, 69, 70, 71, 81, 82, 85, 103, 104, 105, 106, 107, 108, 110, 111, 112, 114, 115, 116, 117, 118, 122, 123, 125, 127, 137, 139, 140, 150, 151, 159, 160, 161, 163, 164, 172, 173, 176, 177, 178, 179, 186, 187, 195, 196, 197, 198, 199, 200, 202, 209, 216, 277, 278, 283, 284, 285, 286, 288, 289, 290, 292, 293, 294, 296, 297, 298, 304, 306, 307, 308, 309, 310, 311, 312, 314], "summary": {"covered_lines": 100, "num_statements": 125, "percent_covered": 80.0, "percent_covered_display": "80", "missing_lines": 25, "excluded_lines": 0, "percent_statements_covered": 80.0, "percent_statements_covered_display": "80"}, "missing_lines": [203, 210, 211, 213, 214, 229, 230, 235, 237, 245, 246, 247, 248, 252, 254, 255, 265, 266, 270, 316, 317, 318, 319, 320, 321], "excluded_lines": [], "functions": {"TrainingState.is_operational": {"executed_lines": [50], "summary": {"covered_lines": 1, "num_statements": 1, "percent_covered": 100.0, "percent_covered_display": "100", "missing_lines": 0, "excluded_lines": 0, "percent_statements_covered": 100.0, "percent_statements_covered_display": "100"}, "missing_lines": [], "excluded_lines": []}, "TrainingState.is_degraded": {"executed_lines": [54], "summary": {"covered_lines": 1, "num_statements": 1, "percent_covered": 100.0, "percent_covered_display": "100", "missing_lines": 0, "excluded_lines": 0, "percent_statements_covered": 100.0, "percent_statements_covered_display": "100"}, "missing_lines": [], "excluded_lines": []}, "TrainingState.is_halted": {"executed_lines": [58], "summary": {"covered_lines": 1, "num_statements": 1, "percent_covered": 100.0, "percent_covered_display": "100", "missing_lines": 0, "excluded_lines": 0, "percent_statements_covered": 100.0, "percent_statements_covered_display": "100"}, "missing_lines": [], "excluded_lines": []}, "TrainingState.can_continue_training": {"executed_lines": [63], "summary": {"covered_lines": 1, "num_statements": 1, "percent_covered": 100.0, "percent_covered_display": "100", "missing_lines": 0, "excluded_lines": 0, "percent_statements_covered": 100.0, "percent_statements_covered_display": "100"}, "missing_lines": [], "excluded_lines": []}, "TrainingState.description": {"executed_lines": [71], "summary": {"covered_lines": 1, "num_statements": 1, "percent_covered": 100.0, "percent_covered_display": "100", "missing_lines": 0, "excluded_lines": 0, "percent_statements_covered": 100.0, "percent_statements_covered_display": "100"}, "missing_lines": [], "excluded_lines": []}, "StateMachine.__init__": {"executed_lines": [104, 105, 106, 107, 108], "summary": {"covered_lines": 5, "num_statements": 5, "percent_covered": 100.0, "percent_covered_display": "100", "missing_lines": 0, "excluded_lines": 0, "percent_statements_covered": 100.0, "percent_statements_covered_display": "100"}, "missing_lines": [], "excluded_lines": []}, "StateMachine.state": {"executed_lines": [112], "summary": {"covered_lines": 1, "num_statements": 1, "percent_covered": 100.0, "percent_covered_display": "100", "missing_lines": 0, "excluded_lines": 0, "percent_statements_covered": 100.0, "percent_statements_covered_display": "100"}, "missing_lines": [], "excluded_lines": []}, "StateMachine.transition": {"executed_lines": [115, 116, 117, 118, 122, 123, 125, 127], "summary": {"covered_lines": 8, "num_statements": 8, "percent_covered": 100.0, "percent_covered_display": "100", "missing_lines": 0, "excluded_lines": 0, "percent_statements_covered": 100.0, "percent_statements_covered_display": "100"}, "missing_lines": [], "excluded_lines": []}, "StateMachine.assert_can_train": {"executed_lines": [139, 140], "summary": {"covered_lines": 2, "num_statements": 2, "percent_covered": 100.0, "percent_covered_display": "100", "missing_lines": 0, "excluded_lines": 0, "percent_statements_covered": 100.0, "percent_statements_covered_display": "100"}, "missing_lines": [], "excluded_lines": []}, "StructuredLogger.__init__": {"executed_lines": [160, 161], "summary": {"covered_lines": 2, "num_statements": 2, "percent_covered": 100.0, "percent_covered_display": "100", "missing_lines": 0, "excluded_lines": 0, "percent_statements_covered": 100.0, "percent_statements_covered_display": "100"}, "missing_lines": [], "excluded_lines": []}, "StructuredLogger.emit": {"executed_lines": [164, 172, 173], "summary": {"covered_lines": 3, "num_statements": 3, "percent_covered": 100.0, "percent_covered_display": "100", "missing_lines": 0, "excluded_lines": 0, "percent_statements_covered": 100.0, "percent_statements_covered_display": "100"}, "missing_lines": [], "excluded_lines": []}, "StructuredLogger.info": {"executed_lines": [176], "summary": {"covered_lines": 1, "num_statements": 1, "percent_covered": 100.0, "percent_covered_display": "100", "missing_lines": 0, "excluded_lines": 0, "percent_statements_covered": 100.0, "percent_statements_covered_display": "100"}, "missing_lines": [], "excluded_lines": []}, "StructuredLogger.warn": {"executed_lines": [177], "summary": {"covered_lines": 1, "num_statements": 1, "percent_covered": 100.0, "percent_covered_display": "100", "missing_lines": 0, "excluded_lines": 0, "percent_statements_covered": 100.0, "percent_statements_covered_display": "100"}, "missing_lines": [], "excluded_lines": []}, "StructuredLogger.error": {"executed_lines": [178], "summary": {"covered_lines": 1, "num_statements": 1, "percent_covered": 100.0, "percent_covered_display": "100", "missing_lines": 0, "excluded_lines": 0, "percent_statements_covered": 100.0, "percent_statements_covered_display": "100"}, "missing_lines": [], "excluded_lines": []}, "StructuredLogger.debug": {"executed_lines": [179], "summary": {"covered_lines": 1, "num_statements": 1, "percent_covered": 100.0, "percent_covered_display": "100", "missing_lines": 0, "excluded_lines": 0, "percent_statements_covered": 100.0, "percent_statements_covered_display": "100"}, "missing_lines": [], "excluded_lines": []}, "AegisClient.__init__": {"executed_lines": [196, 197, 198, 199, 200], "summary": {"covered_lines": 5, "num_statements": 5, "percent_covered": 100.0, "percent_covered_display": "100", "missing_lines": 0, "excluded_lines": 0, "percent_statements_covered": 100.0, "percent_statements_covered_display": "100"}, "missing_lines": [], "excluded_lines": []}, "AegisClient._headers": {"executed_lines": [], "summary": {"covered_lines": 0, "num_statements": 1, "percent_covered": 0.0, "percent_covered_display": "0", "missing_lines": 1, "excluded_lines": 0, "percent_statements_covered": 0.0, "percent_statements_covered_display": "0"}, "missing_lines": [203], "excluded_lines": []}, "AegisClient._post": {"executed_lines": [], "summary": {"covered_lines": 0, "num_statements": 4, "percent_covered": 0.0, "percent_covered_display": "0", "missing_lines": 4, "excluded_lines": 0, "percent_statements_covered": 0.0, "percent_statements_covered_display": "0"}, "missing_lines": [210, 211, 213, 214], "excluded_lines": []}, "AegisClient.evaluate_policy": {"executed_lines": [], "summary": {"covered_lines": 0, "num_statements": 14, "percent_covered": 0.0, "percent_covered_display": "0", "missing_lines": 14, "excluded_lines": 0, "percent_statements_covered": 0.0, "percent_statements_covered_display": "0"}, "missing_lines": [229, 230, 235, 237, 245, 246, 247, 248, 252, 254, 255, 265, 266, 270], "excluded_lines": []}, "TrainingMetrics.__init__": {"executed_lines": [284, 285, 286], "summary": {"covered_lines": 3, "num_statements": 3, "percent_covered": 100.0, "percent_covered_display": "100", "missing_lines": 0, "excluded_lines": 0, "percent_statements_covered": 100.0, "percent_statements_covered_display": "100"}, "missing_lines": [], "excluded_lines": []}, "TrainingMetrics.inc": {"executed_lines": [289, 290], "summary": {"covered_lines": 2, "num_statements": 2, "percent_covered": 100.0, "percent_covered_display": "100", "missing_lines": 0, "excluded_lines": 0, "percent_statements_covered": 100.0, "percent_statements_covered_display": "100"}, "missing_lines": [], "excluded_lines": []}, "TrainingMetrics.set_gauge": {"executed_lines": [293, 294], "summary": {"covered_lines": 2, "num_statements": 2, "percent_covered": 100.0, "percent_covered_display": "100", "missing_lines": 0, "excluded_lines": 0, "percent_statements_covered": 100.0, "percent_statements_covered_display": "100"}, "missing_lines": [], "excluded_lines": []}, "TrainingMetrics.snapshot": {"executed_lines": [297, 298], "summary": {"covered_lines": 2, "num_statements": 2, "percent_covered": 100.0, "percent_covered_display": "100", "missing_lines": 0, "excluded_lines": 0, "percent_statements_covered": 100.0, "percent_statements_covered_display": "100"}, "missing_lines": [], "excluded_lines": []}, "TrainingMetrics.render": {"executed_lines": [306, 307, 308, 309, 310, 311, 312], "summary": {"covered_lines": 7, "num_statements": 7, "percent_covered": 100.0, "percent_covered_display": "100", "missing_lines": 0, "excluded_lines": 0, "percent_statements_covered": 100.0, "percent_statements_covered_display": "100"}, "missing_lines": [], "excluded_lines": []}, "TrainingMetrics.emit_jsonl": {"executed_lines": [], "summary": {"covered_lines": 0, "num_statements": 6, "percent_covered": 0.0, "percent_covered_display": "0", "missing_lines": 6, "excluded_lines": 0, "percent_statements_covered": 0.0, "percent_statements_covered_display": "0"}, "missing_lines": [316, 317, 318, 319, 320, 321], "excluded_lines": []}, "": {"executed_lines": [1, 22, 24, 25, 26, 27, 28, 29, 30, 31, 33, 40, 41, 42, 43, 44, 45, 46, 48, 49, 52, 53, 56, 57, 60, 61, 69, 70, 81, 82, 85, 103, 110, 111, 114, 137, 150, 151, 159, 163, 186, 187, 195, 202, 209, 216, 277, 278, 283, 288, 292, 296, 304, 314], "summary": {"covered_lines": 49, "num_statements": 49, "percent_covered": 100.0, "percent_covered_display": "100", "missing_lines": 0, "excluded_lines": 0, "percent_statements_covered": 100.0, "percent_statements_covered_display": "100"}, "missing_lines": [], "excluded_lines": []}}, "classes": {"TrainingState": {"executed_lines": [50, 54, 58, 63, 71], "summary": {"covered_lines": 5, "num_statements": 5, "percent_covered": 100.0, "percent_covered_display": "100", "missing_lines": 0, "excluded_lines": 0, "percent_statements_covered": 100.0, "percent_statements_covered_display": "100"}, "missing_lines": [], "excluded_lines": []}, "StateMachine": {"executed_lines": [104, 105, 106, 107, 108, 112, 115, 116, 117, 118, 122, 123, 125, 127, 139, 140], "summary": {"covered_lines": 16, "num_statements": 16, "percent_covered": 100.0, "percent_covered_display": "100", "missing_lines": 0, "excluded_lines": 0, "percent_statements_covered": 100.0, "percent_statements_covered_display": "100"}, "missing_lines": [], "excluded_lines": []}, "StructuredLogger": {"executed_lines": [160, 161, 164, 172, 173, 176, 177, 178, 179], "summary": {"covered_lines": 9, "num_statements": 9, "percent_covered": 100.0, "percent_covered_display": "100", "missing_lines": 0, "excluded_lines": 0, "percent_statements_covered": 100.0, "percent_statements_covered_display": "100"}, "missing_lines": [], "excluded_lines": []}, "AegisClient": {"executed_lines": [196, 197, 198, 199, 200], "summary": {"covered_lines": 5, "num_statements": 24, "percent_covered": 20.833333333333332, "percent_covered_display": "21", "missing_lines": 19, "excluded_lines": 0, "percent_statements_covered": 20.833333333333332, "percent_statements_covered_display": "21"}, "missing_lines": [203, 210, 211, 213, 214, 229, 230, 235, 237, 245, 246, 247, 248, 252, 254, 255, 265, 266, 270], "excluded_lines": []}, "TrainingMetrics": {"executed_lines": [284, 285, 286, 289, 290, 293, 294, 297, 298, 306, 307, 308, 309, 310, 311, 312], "summary": {"covered_lines": 16, "num_statements": 22, "percent_covered": 72.72727272727273, "percent_covered_display": "73", "missing_lines": 6, "excluded_lines": 0, "percent_statements_covered": 72.72727272727273, "percent_statements_covered_display": "73"}, "missing_lines": [316, 317, 318, 319, 320, 321], "excluded_lines": []}, "": {"executed_lines": [1, 22, 24, 25, 26, 27, 28, 29, 30, 31, 33, 40, 41, 42, 43, 44, 45, 46, 48, 49, 52, 53, 56, 57, 60, 61, 69, 70, 81, 82, 85, 103, 110, 111, 114, 137, 150, 151, 159, 163, 186, 187, 195, 202, 209, 216, 277, 278, 283, 288, 292, 296, 304, 314], "summary": {"covered_lines": 49, "num_statements": 49, "percent_covered": 100.0, "percent_covered_display": "100", "missing_lines": 0, "excluded_lines": 0, "percent_statements_covered": 100.0, "percent_statements_covered_display": "100"}, "missing_lines": [], "excluded_lines": []}}}, "finetune\\safe_trainer.py": {"executed_lines": [1, 2, 3, 4, 5, 6, 7, 8, 10, 12, 13, 14, 15, 16, 17, 18, 22, 23, 25, 26, 27, 28, 32, 33, 47, 48, 49, 50, 51, 52, 54, 68, 70, 83, 88, 97, 98, 101, 102, 105, 107, 110, 112, 116, 118, 119, 123, 126, 127, 128, 129, 131, 133, 136, 137, 138, 139, 142, 144, 147, 150, 151, 152, 153, 155, 159, 161, 162, 163, 164, 165, 173, 174, 175, 177, 178, 179, 180, 181, 184, 185, 186, 187, 189, 190, 191, 193, 194, 195, 196, 197, 203, 207, 208, 211, 212, 213, 216, 217, 218, 221, 222, 223, 229], "summary": {"covered_lines": 102, "num_statements": 139, "percent_covered": 73.38129496402878, "percent_covered_display": "73", "missing_lines": 37, "excluded_lines": 0, "percent_statements_covered": 73.38129496402878, "percent_statements_covered_display": "73"}, "missing_lines": [20, 24, 29, 30, 55, 56, 59, 66, 72, 73, 74, 75, 76, 77, 78, 79, 80, 81, 103, 108, 111, 113, 114, 120, 140, 145, 154, 156, 157, 167, 168, 169, 170, 199, 201, 204, 205], "excluded_lines": [], "functions": {"ZerothAuditLogger.__init__": {"executed_lines": [15, 16, 17, 18], "summary": {"covered_lines": 4, "num_statements": 5, "percent_covered": 80.0, "percent_covered_display": "80", "missing_lines": 1, "excluded_lines": 0, "percent_statements_covered": 80.0, "percent_statements_covered_display": "80"}, "missing_lines": [20], "excluded_lines": []}, "ZerothAuditLogger.log": {"executed_lines": [23, 25, 26, 27, 28], "summary": {"covered_lines": 5, "num_statements": 8, "percent_covered": 62.5, "percent_covered_display": "62", "missing_lines": 3, "excluded_lines": 0, "percent_statements_covered": 62.5, "percent_statements_covered_display": "62"}, "missing_lines": [24, 29, 30], "excluded_lines": []}, "SafeQLoRATrainer.__init__": {"executed_lines": [48, 49, 50, 51, 52, 54, 68], "summary": {"covered_lines": 7, "num_statements": 11, "percent_covered": 63.63636363636363, "percent_covered_display": "64", "missing_lines": 4, "excluded_lines": 0, "percent_statements_covered": 63.63636363636363, "percent_statements_covered_display": "64"}, "missing_lines": [55, 56, 59, 66], "excluded_lines": []}, "SafeQLoRATrainer._get_next_safety_batch": {"executed_lines": [], "summary": {"covered_lines": 0, "num_statements": 10, "percent_covered": 0.0, "percent_covered_display": "0", "missing_lines": 10, "excluded_lines": 0, "percent_statements_covered": 0.0, "percent_statements_covered_display": "0"}, "missing_lines": [72, 73, 74, 75, 76, 77, 78, 79, 80, 81], "excluded_lines": []}, "SafeQLoRATrainer.training_step": {"executed_lines": [88, 97, 98, 101, 102, 105, 107, 110, 112, 116, 118, 119, 123, 126, 127, 128, 129, 131, 133, 136, 137, 138, 139, 142, 144, 147, 150, 151, 152, 153, 155, 159, 161, 162, 163, 164, 165, 173, 174, 175, 177, 178, 179, 180, 181, 184, 185, 186, 187, 189, 190, 191, 193, 194, 195, 196, 197, 203, 207, 208, 211, 212, 213, 216, 217, 218, 221, 222, 223, 229], "summary": {"covered_lines": 70, "num_statements": 89, "percent_covered": 78.65168539325843, "percent_covered_display": "79", "missing_lines": 19, "excluded_lines": 0, "percent_statements_covered": 78.65168539325843, "percent_statements_covered_display": "79"}, "missing_lines": [103, 108, 111, 113, 114, 120, 140, 145, 154, 156, 157, 167, 168, 169, 170, 199, 201, 204, 205], "excluded_lines": []}, "": {"executed_lines": [1, 2, 3, 4, 5, 6, 7, 8, 10, 12, 13, 14, 22, 32, 33, 47, 70, 83], "summary": {"covered_lines": 16, "num_statements": 16, "percent_covered": 100.0, "percent_covered_display": "100", "missing_lines": 0, "excluded_lines": 0, "percent_statements_covered": 100.0, "percent_statements_covered_display": "100"}, "missing_lines": [], "excluded_lines": []}}, "classes": {"ZerothAuditLogger": {"executed_lines": [15, 16, 17, 18, 23, 25, 26, 27, 28], "summary": {"covered_lines": 9, "num_statements": 13, "percent_covered": 69.23076923076923, "percent_covered_display": "69", "missing_lines": 4, "excluded_lines": 0, "percent_statements_covered": 69.23076923076923, "percent_statements_covered_display": "69"}, "missing_lines": [20, 24, 29, 30], "excluded_lines": []}, "SafeQLoRATrainer": {"executed_lines": [48, 49, 50, 51, 52, 54, 68, 88, 97, 98, 101, 102, 105, 107, 110, 112, 116, 118, 119, 123, 126, 127, 128, 129, 131, 133, 136, 137, 138, 139, 142, 144, 147, 150, 151, 152, 153, 155, 159, 161, 162, 163, 164, 165, 173, 174, 175, 177, 178, 179, 180, 181, 184, 185, 186, 187, 189, 190, 191, 193, 194, 195, 196, 197, 203, 207, 208, 211, 212, 213, 216, 217, 218, 221, 222, 223, 229], "summary": {"covered_lines": 77, "num_statements": 110, "percent_covered": 70.0, "percent_covered_display": "70", "missing_lines": 33, "excluded_lines": 0, "percent_statements_covered": 70.0, "percent_statements_covered_display": "70"}, "missing_lines": [55, 56, 59, 66, 72, 73, 74, 75, 76, 77, 78, 79, 80, 81, 103, 108, 111, 113, 114, 120, 140, 145, 154, 156, 157, 167, 168, 169, 170, 199, 201, 204, 205], "excluded_lines": []}, "": {"executed_lines": [1, 2, 3, 4, 5, 6, 7, 8, 10, 12, 13, 14, 22, 32, 33, 47, 70, 83], "summary": {"covered_lines": 16, "num_statements": 16, "percent_covered": 100.0, "percent_covered_display": "100", "missing_lines": 0, "excluded_lines": 0, "percent_statements_covered": 100.0, "percent_statements_covered_display": "100"}, "missing_lines": [], "excluded_lines": []}}}, "finetune\\trainer.py": {"executed_lines": [1, 9, 11, 12, 13, 14, 15, 16, 17, 18, 19, 20, 22, 24, 29, 31, 32, 35, 36, 37, 38, 39, 40, 41, 42, 43, 45, 46, 56, 57, 62, 63, 64, 69, 72, 73, 75, 76, 77, 80, 81, 82, 85, 86, 89, 90, 91, 92, 93, 99, 100, 101, 104, 105, 106, 107, 108, 109, 110, 113, 114, 115, 117, 118, 120, 122, 125, 126, 127, 128, 129, 130, 131, 132, 133, 134, 136, 138, 139, 141, 142, 143, 146, 148, 149, 151, 152, 155, 156, 157, 158, 159, 160, 162, 163, 164, 165, 168, 169, 170, 173, 175, 176, 181, 184, 185, 186, 190, 192, 196, 197, 198, 199, 202, 204, 205, 206, 207, 209, 210, 212, 213, 216, 217, 219, 220, 221, 222, 223, 225, 232, 272, 299, 310, 413, 420, 421, 422, 423, 424, 425, 430, 435, 439, 442, 448, 449, 450, 451, 452, 454, 457, 458, 459, 460, 466, 467, 468, 469, 470, 473, 474, 475, 480, 486, 487, 488, 489, 493, 494, 495, 498], "summary": {"covered_lines": 170, "num_statements": 261, "percent_covered": 65.13409961685824, "percent_covered_display": "65", "missing_lines": 91, "excluded_lines": 0, "percent_statements_covered": 65.13409961685824, "percent_statements_covered_display": "65"}, "missing_lines": [119, 121, 123, 135, 137, 153, 161, 182, 227, 228, 229, 230, 233, 234, 235, 241, 248, 249, 250, 252, 258, 260, 269, 270, 273, 274, 275, 276, 280, 285, 286, 288, 297, 300, 301, 302, 303, 312, 313, 314, 315, 316, 319, 320, 321, 324, 325, 326, 328, 346, 353, 354, 356, 357, 358, 359, 360, 361, 362, 364, 365, 366, 371, 373, 375, 376, 377, 379, 380, 381, 382, 384, 385, 386, 387, 388, 389, 390, 392, 393, 394, 398, 399, 400, 402, 411, 415, 416, 417, 455, 499], "excluded_lines": [], "functions": {"TrainingSummary.to_dict": {"executed_lines": [46], "summary": {"covered_lines": 1, "num_statements": 1, "percent_covered": 100.0, "percent_covered_display": "100", "missing_lines": 0, "excluded_lines": 0, "percent_statements_covered": 100.0, "percent_statements_covered_display": "100"}, "missing_lines": [], "excluded_lines": []}, "TrainingSummary.to_lines": {"executed_lines": [57, 62, 63, 64, 69], "summary": {"covered_lines": 5, "num_statements": 5, "percent_covered": 100.0, "percent_covered_display": "100", "missing_lines": 0, "excluded_lines": 0, "percent_statements_covered": 100.0, "percent_statements_covered_display": "100"}, "missing_lines": [], "excluded_lines": []}, "QLoRAConfig.__post_init__": {"executed_lines": [118, 120, 122], "summary": {"covered_lines": 3, "num_statements": 6, "percent_covered": 50.0, "percent_covered_display": "50", "missing_lines": 3, "excluded_lines": 0, "percent_statements_covered": 50.0, "percent_statements_covered_display": "50"}, "missing_lines": [119, 121, 123], "excluded_lines": []}, "QLoRAConfig.from_yaml": {"executed_lines": [127, 128, 129, 130, 131, 132, 133, 134, 136, 138, 139], "summary": {"covered_lines": 11, "num_statements": 13, "percent_covered": 84.61538461538461, "percent_covered_display": "85", "missing_lines": 2, "excluded_lines": 0, "percent_statements_covered": 84.61538461538461, "percent_statements_covered_display": "85"}, "missing_lines": [135, 137], "excluded_lines": []}, "QLoRAConfig.to_yaml": {"executed_lines": [142, 143], "summary": {"covered_lines": 2, "num_statements": 2, "percent_covered": 100.0, "percent_covered_display": "100", "missing_lines": 0, "excluded_lines": 0, "percent_statements_covered": 100.0, "percent_statements_covered_display": "100"}, "missing_lines": [], "excluded_lines": []}, "load_jsonl_records": {"executed_lines": [148, 149, 151, 152, 155, 156, 157, 158, 159, 160, 162, 163, 164, 165, 168, 169, 170], "summary": {"covered_lines": 17, "num_statements": 19, "percent_covered": 89.47368421052632, "percent_covered_display": "89", "missing_lines": 2, "excluded_lines": 0, "percent_statements_covered": 89.47368421052632, "percent_statements_covered_display": "89"}, "missing_lines": [153, 161], "excluded_lines": []}, "import_hf_datasets_module": {"executed_lines": [175, 176, 181, 184, 185, 186, 190, 192, 196, 197, 198, 199], "summary": {"covered_lines": 12, "num_statements": 13, "percent_covered": 92.3076923076923, "percent_covered_display": "92", "missing_lines": 1, "excluded_lines": 0, "percent_statements_covered": 92.3076923076923, "percent_statements_covered_display": "92"}, "missing_lines": [182], "excluded_lines": []}, "build_text_datasets": {"executed_lines": [204, 205, 206, 207, 209, 210, 212, 213], "summary": {"covered_lines": 8, "num_statements": 8, "percent_covered": 100.0, "percent_covered_display": "100", "missing_lines": 0, "excluded_lines": 0, "percent_statements_covered": 100.0, "percent_statements_covered_display": "100"}, "missing_lines": [], "excluded_lines": []}, "QLoRATrainer.__init__": {"executed_lines": [220, 221, 222, 223], "summary": {"covered_lines": 4, "num_statements": 4, "percent_covered": 100.0, "percent_covered_display": "100", "missing_lines": 0, "excluded_lines": 0, "percent_statements_covered": 100.0, "percent_statements_covered_display": "100"}, "missing_lines": [], "excluded_lines": []}, "QLoRATrainer.setup": {"executed_lines": [], "summary": {"covered_lines": 0, "num_statements": 4, "percent_covered": 0.0, "percent_covered_display": "0", "missing_lines": 4, "excluded_lines": 0, "percent_statements_covered": 0.0, "percent_statements_covered_display": "0"}, "missing_lines": [227, 228, 229, 230], "excluded_lines": []}, "QLoRATrainer._setup_peft_trl": {"executed_lines": [], "summary": {"covered_lines": 0, "num_statements": 12, "percent_covered": 0.0, "percent_covered_display": "0", "missing_lines": 12, "excluded_lines": 0, "percent_statements_covered": 0.0, "percent_statements_covered_display": "0"}, "missing_lines": [233, 234, 235, 241, 248, 249, 250, 252, 258, 260, 269, 270], "excluded_lines": []}, "QLoRATrainer._setup_unsloth": {"executed_lines": [], "summary": {"covered_lines": 0, "num_statements": 9, "percent_covered": 0.0, "percent_covered_display": "0", "missing_lines": 9, "excluded_lines": 0, "percent_statements_covered": 0.0, "percent_statements_covered_display": "0"}, "missing_lines": [273, 274, 275, 276, 280, 285, 286, 288, 297], "excluded_lines": []}, "QLoRATrainer._log_trainable_parameters": {"executed_lines": [], "summary": {"covered_lines": 0, "num_statements": 4, "percent_covered": 0.0, "percent_covered_display": "0", "missing_lines": 4, "excluded_lines": 0, "percent_statements_covered": 0.0, "percent_statements_covered_display": "0"}, "missing_lines": [300, 301, 302, 303], "excluded_lines": []}, "QLoRATrainer.train": {"executed_lines": [], "summary": {"covered_lines": 0, "num_statements": 49, "percent_covered": 0.0, "percent_covered_display": "0", "missing_lines": 49, "excluded_lines": 0, "percent_statements_covered": 0.0, "percent_statements_covered_display": "0"}, "missing_lines": [312, 313, 314, 315, 316, 319, 320, 321, 324, 325, 326, 328, 346, 353, 354, 356, 357, 358, 359, 360, 361, 362, 364, 365, 366, 371, 373, 375, 376, 377, 379, 380, 381, 382, 384, 385, 386, 387, 388, 389, 390, 392, 393, 394, 398, 399, 400, 402, 411], "excluded_lines": []}, "QLoRATrainer.save": {"executed_lines": [], "summary": {"covered_lines": 0, "num_statements": 3, "percent_covered": 0.0, "percent_covered_display": "0", "missing_lines": 3, "excluded_lines": 0, "percent_statements_covered": 0.0, "percent_statements_covered_display": "0"}, "missing_lines": [415, 416, 417], "excluded_lines": []}, "parse_args": {"executed_lines": [421, 422, 423, 424, 425, 430, 435, 439], "summary": {"covered_lines": 8, "num_statements": 8, "percent_covered": 100.0, "percent_covered_display": "100", "missing_lines": 0, "excluded_lines": 0, "percent_statements_covered": 100.0, "percent_statements_covered_display": "100"}, "missing_lines": [], "excluded_lines": []}, "run_from_config": {"executed_lines": [448, 449, 450, 451, 452, 454, 457, 458, 459, 460, 466, 467, 468, 469, 470], "summary": {"covered_lines": 15, "num_statements": 16, "percent_covered": 93.75, "percent_covered_display": "94", "missing_lines": 1, "excluded_lines": 0, "percent_statements_covered": 93.75, "percent_statements_covered_display": "94"}, "missing_lines": [455], "excluded_lines": []}, "main": {"executed_lines": [474, 475, 480, 486, 487, 488, 489, 493, 494, 495], "summary": {"covered_lines": 10, "num_statements": 10, "percent_covered": 100.0, "percent_covered_display": "100", "missing_lines": 0, "excluded_lines": 0, "percent_statements_covered": 100.0, "percent_statements_covered_display": "100"}, "missing_lines": [], "excluded_lines": []}, "": {"executed_lines": [1, 9, 11, 12, 13, 14, 15, 16, 17, 18, 19, 20, 22, 24, 29, 31, 32, 35, 36, 37, 38, 39, 40, 41, 42, 43, 45, 56, 72, 73, 75, 76, 77, 80, 81, 82, 85, 86, 89, 90, 91, 92, 93, 99, 100, 101, 104, 105, 106, 107, 108, 109, 110, 113, 114, 115, 117, 125, 126, 141, 146, 173, 202, 216, 217, 219, 225, 232, 272, 299, 310, 413, 420, 442, 473, 498], "summary": {"covered_lines": 74, "num_statements": 75, "percent_covered": 98.66666666666667, "percent_covered_display": "99", "missing_lines": 1, "excluded_lines": 0, "percent_statements_covered": 98.66666666666667, "percent_statements_covered_display": "99"}, "missing_lines": [499], "excluded_lines": []}}, "classes": {"TrainingSummary": {"executed_lines": [46, 57, 62, 63, 64, 69], "summary": {"covered_lines": 6, "num_statements": 6, "percent_covered": 100.0, "percent_covered_display": "100", "missing_lines": 0, "excluded_lines": 0, "percent_statements_covered": 100.0, "percent_statements_covered_display": "100"}, "missing_lines": [], "excluded_lines": []}, "QLoRAConfig": {"executed_lines": [118, 120, 122, 127, 128, 129, 130, 131, 132, 133, 134, 136, 138, 139, 142, 143], "summary": {"covered_lines": 16, "num_statements": 21, "percent_covered": 76.19047619047619, "percent_covered_display": "76", "missing_lines": 5, "excluded_lines": 0, "percent_statements_covered": 76.19047619047619, "percent_statements_covered_display": "76"}, "missing_lines": [119, 121, 123, 135, 137], "excluded_lines": []}, "QLoRATrainer": {"executed_lines": [220, 221, 222, 223], "summary": {"covered_lines": 4, "num_statements": 85, "percent_covered": 4.705882352941177, "percent_covered_display": "5", "missing_lines": 81, "excluded_lines": 0, "percent_statements_covered": 4.705882352941177, "percent_statements_covered_display": "5"}, "missing_lines": [227, 228, 229, 230, 233, 234, 235, 241, 248, 249, 250, 252, 258, 260, 269, 270, 273, 274, 275, 276, 280, 285, 286, 288, 297, 300, 301, 302, 303, 312, 313, 314, 315, 316, 319, 320, 321, 324, 325, 326, 328, 346, 353, 354, 356, 357, 358, 359, 360, 361, 362, 364, 365, 366, 371, 373, 375, 376, 377, 379, 380, 381, 382, 384, 385, 386, 387, 388, 389, 390, 392, 393, 394, 398, 399, 400, 402, 411, 415, 416, 417], "excluded_lines": []}, "": {"executed_lines": [1, 9, 11, 12, 13, 14, 15, 16, 17, 18, 19, 20, 22, 24, 29, 31, 32, 35, 36, 37, 38, 39, 40, 41, 42, 43, 45, 56, 72, 73, 75, 76, 77, 80, 81, 82, 85, 86, 89, 90, 91, 92, 93, 99, 100, 101, 104, 105, 106, 107, 108, 109, 110, 113, 114, 115, 117, 125, 126, 141, 146, 148, 149, 151, 152, 155, 156, 157, 158, 159, 160, 162, 163, 164, 165, 168, 169, 170, 173, 175, 176, 181, 184, 185, 186, 190, 192, 196, 197, 198, 199, 202, 204, 205, 206, 207, 209, 210, 212, 213, 216, 217, 219, 225, 232, 272, 299, 310, 413, 420, 421, 422, 423, 424, 425, 430, 435, 439, 442, 448, 449, 450, 451, 452, 454, 457, 458, 459, 460, 466, 467, 468, 469, 470, 473, 474, 475, 480, 486, 487, 488, 489, 493, 494, 495, 498], "summary": {"covered_lines": 144, "num_statements": 149, "percent_covered": 96.64429530201342, "percent_covered_display": "97", "missing_lines": 5, "excluded_lines": 0, "percent_statements_covered": 96.64429530201342, "percent_statements_covered_display": "97"}, "missing_lines": [153, 161, 182, 455, 499], "excluded_lines": []}}}, "finetune\\zeroth_core.py": {"executed_lines": [1, 18, 20, 21, 22, 23, 24, 25, 27, 29, 32, 33, 36, 37, 44, 50, 51, 58, 61, 86, 88, 89, 91, 92, 98, 99, 100, 102, 103, 104, 105, 107, 114, 125, 127, 128, 130, 131, 137, 142, 143, 144, 146, 148, 149, 150, 157, 162, 165, 166, 169, 170, 173], "summary": {"covered_lines": 50, "num_statements": 62, "percent_covered": 80.64516129032258, "percent_covered_display": "81", "missing_lines": 12, "excluded_lines": 0, "percent_statements_covered": 80.64516129032258, "percent_statements_covered_display": "81"}, "missing_lines": [101, 106, 109, 110, 111, 138, 139, 140, 141, 145, 167, 171], "excluded_lines": [], "functions": {"_hash_dataset": {"executed_lines": [50, 51], "summary": {"covered_lines": 2, "num_statements": 2, "percent_covered": 100.0, "percent_covered_display": "100", "missing_lines": 0, "excluded_lines": 0, "percent_statements_covered": 100.0, "percent_statements_covered_display": "100"}, "missing_lines": [], "excluded_lines": []}, "pre_train_zeroth_check": {"executed_lines": [86, 88, 89, 91, 92, 98, 99, 100, 102, 103, 104, 105, 107], "summary": {"covered_lines": 13, "num_statements": 18, "percent_covered": 72.22222222222223, "percent_covered_display": "72", "missing_lines": 5, "excluded_lines": 0, "percent_statements_covered": 72.22222222222223, "percent_statements_covered_display": "72"}, "missing_lines": [101, 106, 109, 110, 111], "excluded_lines": []}, "pre_publish_zeroth_check": {"executed_lines": [125, 127, 128, 130, 131, 137, 142, 143, 144, 146, 148, 149, 150], "summary": {"covered_lines": 13, "num_statements": 18, "percent_covered": 72.22222222222223, "percent_covered_display": "72", "missing_lines": 5, "excluded_lines": 0, "percent_statements_covered": 72.22222222222223, "percent_statements_covered_display": "72"}, "missing_lines": [138, 139, 140, 141, 145], "excluded_lines": []}, "_extract_tags": {"executed_lines": [162, 165, 166, 169, 170, 173], "summary": {"covered_lines": 6, "num_statements": 8, "percent_covered": 75.0, "percent_covered_display": "75", "missing_lines": 2, "excluded_lines": 0, "percent_statements_covered": 75.0, "percent_statements_covered_display": "75"}, "missing_lines": [167, 171], "excluded_lines": []}, "": {"executed_lines": [1, 18, 20, 21, 22, 23, 24, 25, 27, 29, 32, 33, 36, 37, 44, 58, 61, 114, 157], "summary": {"covered_lines": 16, "num_statements": 16, "percent_covered": 100.0, "percent_covered_display": "100", "missing_lines": 0, "excluded_lines": 0, "percent_statements_covered": 100.0, "percent_statements_covered_display": "100"}, "missing_lines": [], "excluded_lines": []}}, "classes": {"ZerothAccessDeniedError": {"executed_lines": [], "summary": {"covered_lines": 0, "num_statements": 0, "percent_covered": 100.0, "percent_covered_display": "100", "missing_lines": 0, "excluded_lines": 0, "percent_statements_covered": 100.0, "percent_statements_covered_display": "100"}, "missing_lines": [], "excluded_lines": []}, "ZerothConnectionError": {"executed_lines": [], "summary": {"covered_lines": 0, "num_statements": 0, "percent_covered": 100.0, "percent_covered_display": "100", "missing_lines": 0, "excluded_lines": 0, "percent_statements_covered": 100.0, "percent_statements_covered_display": "100"}, "missing_lines": [], "excluded_lines": []}, "": {"executed_lines": [1, 18, 20, 21, 22, 23, 24, 25, 27, 29, 32, 33, 36, 37, 44, 50, 51, 58, 61, 86, 88, 89, 91, 92, 98, 99, 100, 102, 103, 104, 105, 107, 114, 125, 127, 128, 130, 131, 137, 142, 143, 144, 146, 148, 149, 150, 157, 162, 165, 166, 169, 170, 173], "summary": {"covered_lines": 50, "num_statements": 62, "percent_covered": 80.64516129032258, "percent_covered_display": "81", "missing_lines": 12, "excluded_lines": 0, "percent_statements_covered": 80.64516129032258, "percent_statements_covered_display": "81"}, "missing_lines": [101, 106, 109, 110, 111, 138, 139, 140, 141, 145, 167, 171], "excluded_lines": []}}}}, "totals": {"covered_lines": 865, "num_statements": 1113, "percent_covered": 77.71787960467206, "percent_covered_display": "78", "missing_lines": 248, "excluded_lines": 0, "percent_statements_covered": 77.71787960467206, "percent_statements_covered_display": "78"}}